
> jeantrail-browser@1.0.0 build
> tsc && vite build

src/App.tsx(1,8): error TS6133: 'React' is declared but its value is never read.
src/api/index.ts(1,19): error TS2307: Cannot find module 'axios' or its corresponding type declarations.
src/api/index.ts(3,22): error TS2580: Cannot find name 'process'. Do you need to install type definitions for node? Try `npm i --save-dev @types/node`.
src/api/index.ts(15,4): error TS7006: Parameter 'config' implicitly has an 'any' type.
src/api/index.ts(22,4): error TS7006: Parameter 'error' implicitly has an 'any' type.
src/api/index.ts(29,4): error TS7006: Parameter 'response' implicitly has an 'any' type.
src/api/index.ts(30,4): error TS7006: Parameter 'error' implicitly has an 'any' type.
src/components/AgentManagementPanel.tsx(2,58): error TS2307: Cannot find module '@/components/ui/card' or its corresponding type declarations.
src/components/AgentManagementPanel.tsx(3,24): error TS2307: Cannot find module '@/components/ui/button' or its corresponding type declarations.
src/components/AgentManagementPanel.tsx(4,23): error TS2307: Cannot find module '@/components/ui/badge' or its corresponding type declarations.
src/components/AgentManagementPanel.tsx(5,23): error TS2307: Cannot find module '@/components/ui/input' or its corresponding type declarations.
src/components/AgentManagementPanel.tsx(6,81): error TS2307: Cannot find module '@/components/ui/dialog' or its corresponding type declarations.
src/components/AgentManagementPanel.tsx(7,28): error TS2307: Cannot find module '@/components/ui/scroll-area' or its corresponding type declarations.
src/components/AgentManagementPanel.tsx(9,3): error TS6133: 'Users' is declared but its value is never read.
src/components/AgentManagementPanel.tsx(12,3): error TS6133: 'Square' is declared but its value is never read.
src/components/AgentManagementPanel.tsx(13,3): error TS6133: 'Edit' is declared but its value is never read.
src/components/AgentManagementPanel.tsx(20,3): error TS6133: 'CheckCircle' is declared but its value is never read.
src/components/AgentManagementPanel.tsx(22,3): error TS6133: 'Zap' is declared but its value is never read.
src/components/AgentManagementPanel.tsx(25,3): error TS6133: 'Network' is declared but its value is never read.
src/components/AgentManagementPanel.tsx(26,3): error TS6133: 'Calendar' is declared but its value is never read.
src/components/AgentManagementPanel.tsx(82,10): error TS6133: 'showCreateDialog' is declared but its value is never read.
src/components/AgentManagementPanel.tsx(83,10): error TS6133: 'showTaskDialog' is declared but its value is never read.
src/components/AgentManagementPanel.tsx(83,26): error TS6133: 'setShowTaskDialog' is declared but its value is never read.
src/components/AgentManagementPanel.tsx(137,9): error TS6133: 'dispatchTask' is declared but its value is never read.
src/components/AgentManagementPanel.tsx(259,28): error TS7006: Parameter 'e' implicitly has an 'any' type.
src/components/AiGatewayInterface.tsx(2,58): error TS2307: Cannot find module './ui/card' or its corresponding type declarations.
src/components/AiGatewayInterface.tsx(3,24): error TS2307: Cannot find module './ui/button' or its corresponding type declarations.
src/components/AiGatewayInterface.tsx(4,23): error TS2307: Cannot find module './ui/input' or its corresponding type declarations.
src/components/AiGatewayInterface.tsx(5,26): error TS2307: Cannot find module './ui/textarea' or its corresponding type declarations.
src/components/AiGatewayInterface.tsx(6,79): error TS2307: Cannot find module './ui/select' or its corresponding type declarations.
src/components/AiGatewayInterface.tsx(7,23): error TS2307: Cannot find module './ui/badge' or its corresponding type declarations.
src/components/AiGatewayInterface.tsx(8,58): error TS2307: Cannot find module './ui/tabs' or its corresponding type declarations.
src/components/AiGatewayInterface.tsx(9,26): error TS2307: Cannot find module './ui/progress' or its corresponding type declarations.
src/components/AiGatewayInterface.tsx(10,41): error TS2307: Cannot find module './ui/alert' or its corresponding type declarations.
src/components/AiGatewayInterface.tsx(15,3): error TS6133: 'Volume2' is declared but its value is never read.
src/components/AiGatewayInterface.tsx(428,28): error TS7006: Parameter 'e' implicitly has an 'any' type.
src/components/AiGatewayInterface.tsx(438,32): error TS7006: Parameter 'e' implicitly has an 'any' type.
src/components/AiGatewayInterface.tsx(448,32): error TS7006: Parameter 'e' implicitly has an 'any' type.
src/components/AiGatewayInterface.tsx(488,28): error TS7006: Parameter 'e' implicitly has an 'any' type.
src/components/AiGatewayInterface.tsx(495,28): error TS7006: Parameter 'e' implicitly has an 'any' type.
src/components/AiGatewayInterface.tsx(536,28): error TS7006: Parameter 'e' implicitly has an 'any' type.
src/components/Header.tsx(1,27): error TS6133: 'useRef' is declared but its value is never read.
src/components/Header.tsx(37,10): error TS6133: 'draggedTab' is declared but its value is never read.
src/components/JeanAvatar.tsx(1,46): error TS6133: 'useCallback' is declared but its value is never read.
src/components/JeanAvatar.tsx(2,33): error TS6133: 'Maximize2' is declared but its value is never read.
src/components/JeanAvatar.tsx(2,44): error TS6133: 'Eye' is declared but its value is never read.
src/components/JeanAvatar.tsx(30,10): error TS6133: 'isSpeaking' is declared but its value is never read.
src/components/JeanAvatar.tsx(31,10): error TS6133: 'mousePosition' is declared but its value is never read.
src/components/JeanAvatar.tsx(31,25): error TS6133: 'setMousePosition' is declared but its value is never read.
src/components/JeanAvatar.tsx(201,9): error TS6133: 'speakResponse' is declared but its value is never read.
src/components/JeanAvatar3D.tsx(17,9): error TS6133: 'rendererRef' is declared but its value is never read.
src/components/JeanAvatar3D.tsx(76,30): error TS2339: Property 'GLTFLoader' does not exist on type 'typeof import("/workspace/node_modules/@types/three/build/three.module")'.
src/components/JeanAvatar3D.tsx(79,8): error TS7006: Parameter 'gltf' implicitly has an 'any' type.
src/components/JeanAvatar3D.tsx(88,25): error TS7006: Parameter 'child' implicitly has an 'any' type.
src/components/JeanAvatar3D.tsx(141,8): error TS7006: Parameter 'progress' implicitly has an 'any' type.
src/components/JeanAvatar3D.tsx(144,8): error TS7006: Parameter 'error' implicitly has an 'any' type.
src/components/JeanChatPanel.tsx(2,58): error TS2307: Cannot find module '@/components/ui/card' or its corresponding type declarations.
src/components/JeanChatPanel.tsx(3,24): error TS2307: Cannot find module '@/components/ui/button' or its corresponding type declarations.
src/components/JeanChatPanel.tsx(4,23): error TS2307: Cannot find module '@/components/ui/input' or its corresponding type declarations.
src/components/JeanChatPanel.tsx(5,23): error TS2307: Cannot find module '@/components/ui/badge' or its corresponding type declarations.
src/components/JeanChatPanel.tsx(6,28): error TS2307: Cannot find module '@/components/ui/scroll-area' or its corresponding type declarations.
src/components/JeanChatPanel.tsx(8,3): error TS6133: 'MessageSquare' is declared but its value is never read.
src/components/JeanChatPanel.tsx(126,24): error TS2345: Argument of type '(prev: BackgroundTask[]) => { progress: number; status: string; id: string; description: string; startTime: Date; }[]' is not assignable to parameter of type 'SetStateAction<BackgroundTask[]>'.
  Type '(prev: BackgroundTask[]) => { progress: number; status: string; id: string; description: string; startTime: Date; }[]' is not assignable to type '(prevState: BackgroundTask[]) => BackgroundTask[]'.
    Type '{ progress: number; status: string; id: string; description: string; startTime: Date; }[]' is not assignable to type 'BackgroundTask[]'.
      Type '{ progress: number; status: string; id: string; description: string; startTime: Date; }' is not assignable to type 'BackgroundTask'.
        Types of property 'status' are incompatible.
          Type 'string' is not assignable to type '"completed" | "failed" | "running"'.
src/components/JeanChatPanel.tsx(507,26): error TS7006: Parameter 'e' implicitly has an 'any' type.
src/components/JeanChatPanel.tsx(508,28): error TS7006: Parameter 'e' implicitly has an 'any' type.
src/components/JeanDeveloperConsole.tsx(2,58): error TS2307: Cannot find module '@/components/ui/card' or its corresponding type declarations.
src/components/JeanDeveloperConsole.tsx(3,1): error TS6192: All imports in import declaration are unused.
src/components/JeanDeveloperConsole.tsx(3,58): error TS2307: Cannot find module '@/components/ui/tabs' or its corresponding type declarations.
src/components/JeanDeveloperConsole.tsx(4,23): error TS2307: Cannot find module '@/components/ui/badge' or its corresponding type declarations.
src/components/JeanDeveloperConsole.tsx(5,24): error TS2307: Cannot find module '@/components/ui/button' or its corresponding type declarations.
src/components/JeanDeveloperConsole.tsx(6,110): error TS6133: 'MessageSquare' is declared but its value is never read.
src/components/JeanDeveloperConsole.tsx(10,32): error TS2307: Cannot find module './EcommercePanel' or its corresponding type declarations.
src/components/JeanDeveloperConsole.tsx(11,30): error TS2307: Cannot find module './PaymentPanel' or its corresponding type declarations.
src/components/JeanDeveloperConsole.tsx(12,36): error TS2307: Cannot find module './SecurityAuditPanel' or its corresponding type declarations.
src/components/JeanDeveloperConsole.tsx(13,38): error TS2307: Cannot find module './EmailManagementPanel' or its corresponding type declarations.
src/components/JeanDeveloperConsole.tsx(14,40): error TS2307: Cannot find module './APIKeysManagementPanel' or its corresponding type declarations.
src/components/JeanDeveloperConsole.tsx(98,9): error TS6133: 'getStatusBadge' is declared but its value is never read.
src/components/JeanIcon.tsx(1,36): error TS6133: 'useState' is declared but its value is never read.
src/components/JeanIcon.tsx(19,9): error TS6133: 'rendererRef' is declared but its value is never read.
src/components/JeanModelHub.tsx(3,80): error TS2307: Cannot find module '../types/jean-model-hub' or its corresponding type declarations.
src/components/JeanModelHub.tsx(140,21): error TS2322: Type 'unknown' is not assignable to type 'Key | null | undefined'.
src/components/JeanModelHub.tsx(140,32): error TS2322: Type 'unknown' is not assignable to type 'string | number | readonly string[] | undefined'.
src/components/JeanModelHub.tsx(150,21): error TS2322: Type 'unknown' is not assignable to type 'Key | null | undefined'.
src/components/JeanModelHub.tsx(150,35): error TS2322: Type 'unknown' is not assignable to type 'string | number | readonly string[] | undefined'.
src/components/JeanModelHub.tsx(210,53): error TS7006: Parameter 'cap' implicitly has an 'any' type.
src/components/JeanModelHub.tsx(447,51): error TS7006: Parameter 'cap' implicitly has an 'any' type.
src/components/JeanModelHub.tsx(458,58): error TS7006: Parameter 'lang' implicitly has an 'any' type.
src/components/JeanSettings.tsx(3,68): error TS2307: Cannot find module '../types/jean-multilingual' or its corresponding type declarations.
src/components/JeanSettings.tsx(109,10): error TS6133: 'availableLanguages' is declared but its value is never read.
src/components/JeanSettings.tsx(167,13): error TS6133: 'languages' is declared but its value is never read.
src/components/JeanSettings.tsx(243,9): error TS6133: 'getDialectDisplay' is declared but its value is never read.
src/components/JeanSettings.tsx(274,21): error TS2322: Type 'unknown' is not assignable to type 'Key | null | undefined'.
src/components/JeanSettings.tsx(274,32): error TS2322: Type 'unknown' is not assignable to type 'string | number | readonly string[] | undefined'.
src/components/JeanSettings.tsx(289,21): error TS2322: Type 'unknown' is not assignable to type 'Key | null | undefined'.
src/components/JeanSettings.tsx(289,32): error TS2322: Type 'unknown' is not assignable to type 'string | number | readonly string[] | undefined'.
src/components/JeanSettings.tsx(304,21): error TS2322: Type 'unknown' is not assignable to type 'Key | null | undefined'.
src/components/JeanSettings.tsx(304,32): error TS2322: Type 'unknown' is not assignable to type 'string | number | readonly string[] | undefined'.
src/components/LocalFileBrowser.tsx(2,73): error TS6133: 'Plus' is declared but its value is never read.
src/components/LocalFileBrowser.tsx(4,1): error TS6133: 'open' is declared but its value is never read.
src/components/LocalHub.tsx(3,68): error TS2307: Cannot find module '../types/local-hub' or its corresponding type declarations.
src/components/LocalHub.tsx(39,9): error TS6133: 'remoteStreamsRef' is declared but its value is never read.
src/components/LocalHub.tsx(370,33): error TS6133: 'message' is declared but its value is never read.
src/components/LocalHub.tsx(374,34): error TS6133: 'message' is declared but its value is never read.
src/components/Marketplace.tsx(2,32): error TS6133: 'Filter' is declared but its value is never read.
src/components/Marketplace.tsx(2,62): error TS6133: 'ChevronRight' is declared but its value is never read.
src/components/Messenger.tsx(2,58): error TS6133: 'Circle' is declared but its value is never read.
src/components/MobileFrame.tsx(58,9): error TS6133: 'handleUrlChange' is declared but its value is never read.
src/components/PermissionManager.tsx(3,96): error TS2307: Cannot find module '../types/jean-permissions' or its corresponding type declarations.
src/components/PermissionManager.tsx(30,10): error TS6133: 'showRequestModal' is declared but its value is never read.
src/components/PermissionManager.tsx(141,32): error TS6133: 'templateId' is declared but its value is never read.
src/components/ProxyPanel.tsx(9,55): error TS6133: 'tab' is declared but its value is never read.
src/components/ProxyPanel.tsx(71,9): error TS6133: 'getStatusColor' is declared but its value is never read.
src/components/SplitView.tsx(3,31): error TS6133: 'Workspace' is declared but its value is never read.
src/components/TabsStrip.tsx(20,3): error TS6133: 'isRTL' is declared but its value is never read.
src/components/TabsStripRedesigned.tsx(27,10): error TS6133: 'draggedTab' is declared but its value is never read.
src/components/TabsStripRedesigned.tsx(59,43): error TS6133: 'targetTabId' is declared but its value is never read.
src/components/Wallet.tsx(2,10): error TS2440: Import declaration conflicts with local declaration of 'Wallet'.
src/components/Wallet.tsx(2,98): error TS6133: 'Euro' is declared but its value is never read.
src/components/Wallet.tsx(270,23): error TS2322: Type '{ className: string; }' is not assignable to type 'IntrinsicAttributes'.
  Property 'className' does not exist on type 'IntrinsicAttributes'.
src/components/Wallet.tsx(306,23): error TS2322: Type '{ className: string; }' is not assignable to type 'IntrinsicAttributes'.
  Property 'className' does not exist on type 'IntrinsicAttributes'.
src/components/ecommerce/DeveloperStudio.tsx(2,31): error TS6133: 'TrendingUp' is declared but its value is never read.
src/components/ecommerce/DeveloperStudio.tsx(2,43): error TS6133: 'Settings' is declared but its value is never read.
src/components/ecommerce/DeveloperStudio.tsx(2,74): error TS6133: 'AlertCircle' is declared but its value is never read.
src/components/ecommerce/DeveloperStudio.tsx(2,98): error TS6133: 'Users' is declared but its value is never read.
src/components/ecommerce/DeveloperStudio.tsx(2,105): error TS6133: 'Truck' is declared but its value is never read.
src/components/ecommerce/DeveloperStudio.tsx(3,34): error TS2307: Cannot find module '../../services/ecommerce/products' or its corresponding type declarations.
src/components/ecommerce/DeveloperStudio.tsx(4,32): error TS2307: Cannot find module '../../services/ecommerce/pricing' or its corresponding type declarations.
src/components/ecommerce/DeveloperStudio.tsx(5,1): error TS6133: 'suppliersService' is declared but its value is never read.
src/components/ecommerce/DeveloperStudio.tsx(5,34): error TS2307: Cannot find module '../../services/ecommerce/suppliers' or its corresponding type declarations.
src/components/ecommerce/DeveloperStudio.tsx(67,65): error TS6133: 'userId' is declared but its value is never read.
src/components/ecommerce/DeveloperStudio.tsx(163,21): error TS6133: 'aliexpress' is declared but its value is never read.
src/components/jean/JeanChat.tsx(3,33): error TS2307: Cannot find module '../../services/jean/jeanCore' or its corresponding type declarations.
src/components/jean/JeanChat.tsx(4,41): error TS2307: Cannot find module '../../types/jean' or its corresponding type declarations.
src/components/jean/JeanChat.tsx(124,51): error TS7006: Parameter 'action' implicitly has an 'any' type.
src/components/jean/JeanChat.tsx(285,47): error TS7006: Parameter 'attachment' implicitly has an 'any' type.
src/components/jean/JeanChat.tsx(285,59): error TS7006: Parameter 'index' implicitly has an 'any' type.
src/components/jean/JeanChat.tsx(381,20): error TS2304: Cannot find name 'X'.
src/components/jean/JeanSettings.tsx(3,33): error TS2307: Cannot find module '../../services/jean/jeanCore' or its corresponding type declarations.
src/components/jean/PermissionManager.tsx(2,31): error TS6133: 'AlertCircle' is declared but its value is never read.
src/components/jean/PermissionManager.tsx(2,44): error TS6133: 'Check' is declared but its value is never read.
src/components/jean/PermissionManager.tsx(3,40): error TS2307: Cannot find module '../../services/jean/permissions' or its corresponding type declarations.
src/hooks/useAI.ts(3,21): error TS6133: 'AIResponse' is declared but its value is never read.
src/hooks/useAI.ts(3,33): error TS2305: Module '"@/types"' has no exported member 'AIService'.
src/hooks/useAI.ts(56,9): error TS2353: Object literal may only specify known properties, and 'message' does not exist in type 'AIRequest'.
src/hooks/useAI.ts(130,7): error TS2353: Object literal may only specify known properties, and 'message' does not exist in type 'AIRequest'.
src/hooks/useAI.ts(174,7): error TS2353: Object literal may only specify known properties, and 'message' does not exist in type 'AIRequest'.
src/hooks/useAuth.ts(3,10): error TS6133: 'User' is declared but its value is never read.
src/hooks/useAuth.ts(3,16): error TS2305: Module '"@/types"' has no exported member 'LoginData'.
src/hooks/useAuth.ts(3,27): error TS2305: Module '"@/types"' has no exported member 'RegisterData'.
src/hooks/useDashboard.ts(3,10): error TS2305: Module '"@/types"' has no exported member 'ServiceStatus'.
src/hooks/useDashboard.ts(3,25): error TS2305: Module '"@/types"' has no exported member 'SystemMetrics'.
src/hooks/useDashboard.ts(3,40): error TS2305: Module '"@/types"' has no exported member 'Task'.
src/hooks/useDashboard.ts(19,9): error TS6133: 'isRTL' is declared but its value is never read.
src/hooks/useDashboard.ts(181,11): error TS6133: 'runningTasks' is declared but its value is never read.
src/hooks/useDashboard.ts(214,12): error TS7053: Element implicitly has an 'any' type because expression of type 'string | number | symbol' can't be used to index type '{ cpu: string; memory: string; disk: string; network: string; gpu: string; }'.
  No index signature with a parameter of type 'string' was found on type '{ cpu: string; memory: string; disk: string; network: string; gpu: string; }'.
src/hooks/useJeanAI.ts(1,33): error TS6133: 'useEffect' is declared but its value is never read.
src/hooks/useJeanAI.ts(122,24): error TS6133: 'setTranscript' is declared but its value is never read.
src/hooks/useJeanAvatar.ts(90,24): error TS2322: Type 'string' is not assignable to type 'number'.
src/hooks/useJeanAvatar.ts(91,24): error TS2322: Type 'string' is not assignable to type 'number'.
src/hooks/useJeanAvatar.ts(92,24): error TS2322: Type 'string' is not assignable to type 'number'.
src/hooks/useJeanAvatar.ts(93,42): error TS2322: Type 'string' is not assignable to type 'number'.
src/hooks/useJeanAvatar.ts(94,42): error TS2322: Type 'string' is not assignable to type 'number'.
src/hooks/useJeanAvatar.ts(95,42): error TS2322: Type 'string' is not assignable to type 'number'.
src/hooks/useJeanAvatar.ts(96,28): error TS2322: Type 'string' is not assignable to type 'number'.
src/hooks/useJeanAvatar.ts(97,46): error TS2322: Type 'string' is not assignable to type 'number'.
src/hooks/useJeanAvatar.ts(98,26): error TS2322: Type 'string' is not assignable to type 'number'.
src/hooks/useJeanAvatar.ts(99,47): error TS2322: Type 'string' is not assignable to type 'number'.
src/hooks/useJeanAvatar.ts(100,43): error TS2322: Type 'string' is not assignable to type 'number'.
src/hooks/useJeanAvatar.ts(101,46): error TS2322: Type 'string' is not assignable to type 'number'.
src/hooks/useJeanAvatar.ts(102,43): error TS2322: Type 'string' is not assignable to type 'number'.
src/hooks/useJeanAvatar.ts(103,50): error TS2322: Type 'string' is not assignable to type 'number'.
src/hooks/useJeanAvatar.ts(104,28): error TS2322: Type 'string' is not assignable to type 'number'.
src/hooks/useJeanAvatar.ts(105,27): error TS2322: Type 'string' is not assignable to type 'number'.
src/hooks/useJeanAvatar.ts(106,43): error TS2322: Type 'string' is not assignable to type 'number'.
src/hooks/useJeanAvatar.ts(107,44): error TS2322: Type 'string' is not assignable to type 'number'.
src/hooks/useJeanAvatar.ts(108,47): error TS2322: Type 'string' is not assignable to type 'number'.
src/hooks/useJeanAvatar.ts(109,28): error TS2322: Type 'string' is not assignable to type 'number'.
src/hooks/useJeanAvatar.ts(110,27): error TS2322: Type 'string' is not assignable to type 'number'.
src/hooks/useJeanAvatar.ts(111,49): error TS2322: Type 'string' is not assignable to type 'number'.
src/hooks/useJeanAvatar.ts(112,27): error TS2322: Type 'string' is not assignable to type 'number'.
src/hooks/useJeanAvatar.ts(113,48): error TS2322: Type 'string' is not assignable to type 'number'.
src/hooks/useJeanAvatar.ts(114,27): error TS2322: Type 'string' is not assignable to type 'number'.
src/hooks/useJeanAvatar.ts(115,45): error TS2322: Type 'string' is not assignable to type 'number'.
src/hooks/useJeanAvatar.ts(116,29): error TS2322: Type 'string' is not assignable to type 'number'.
src/hooks/useJeanAvatar.ts(117,46): error TS2322: Type 'string' is not assignable to type 'number'.
src/hooks/useJeanAvatar.ts(118,27): error TS2322: Type 'string' is not assignable to type 'number'.
src/hooks/useJeanAvatar.ts(119,45): error TS2322: Type 'string' is not assignable to type 'number'.
src/hooks/useJeanAvatar.ts(120,27): error TS2322: Type 'string' is not assignable to type 'number'.
src/hooks/useJeanAvatar.ts(121,48): error TS2322: Type 'string' is not assignable to type 'number'.
src/hooks/useJeanAvatar.ts(122,25): error TS2322: Type 'string' is not assignable to type 'number'.
src/hooks/useJeanAvatar.ts(123,27): error TS2322: Type 'string' is not assignable to type 'number'.
src/hooks/useJeanAvatar.ts(124,50): error TS2322: Type 'string' is not assignable to type 'number'.
src/hooks/useJeanAvatar.ts(125,45): error TS2322: Type 'string' is not assignable to type 'number'.
src/hooks/useJeanAvatar.ts(126,28): error TS2322: Type 'string' is not assignable to type 'number'.
src/hooks/useJeanAvatar.ts(127,27): error TS2322: Type 'string' is not assignable to type 'number'.
src/hooks/useJeanAvatar.ts(128,45): error TS2322: Type 'string' is not assignable to type 'number'.
src/hooks/useJeanAvatar.ts(129,29): error TS2322: Type 'string' is not assignable to type 'number'.
src/hooks/useJeanAvatar.ts(395,65): error TS6133: 'phonemes' is declared but its value is never read.
src/hooks/useJeanAvatar.ts(414,7): error TS2322: Type 'string | number' is not assignable to type 'string'.
  Type 'number' is not assignable to type 'string'.
src/hooks/useJeanAvatar.ts(425,26): error TS6133: 'wordIndex' is declared but its value is never read.
src/hooks/useJeanAvatar.ts(544,48): error TS6133: 'audioBuffer' is declared but its value is never read.
src/hooks/useJeanAvatar.ts(554,30): error TS2339: Property 'path' does not exist on type 'File'.
src/hooks/useJeanAvatar.ts(555,34): error TS2339: Property 'path' does not exist on type 'File'.
src/hooks/useJeanMemory.ts(849,44): error TS6133: 'folderId' is declared but its value is never read.
src/lib/utils.ts(47,16): error TS2503: Cannot find namespace 'NodeJS'.
src/pages/Browser.tsx(1,27): error TS6133: 'useEffect' is declared but its value is never read.
src/pages/Browser.tsx(4,1): error TS6192: All imports in import declaration are unused.
src/pages/Home.tsx(10,3): error TS6133: 'Folder' is declared but its value is never read.
src/pages/Home.tsx(30,9): error TS2353: Object literal may only specify known properties, and 'id' does not exist in type 'Notification'.
src/pages/JeanTrailDemo.tsx(2,1): error TS6133: 'JeanIcon' is declared but its value is never read.
src/pages/JeanTrailDemo.tsx(10,23): error TS6133: 'setActiveStrip' is declared but its value is never read.
src/pages/Profile.tsx(6,1): error TS6133: 'LoadingSpinner' is declared but its value is never read.
src/pages/Projects.tsx(17,3): error TS6133: 'User' is declared but its value is never read.
src/pages/Projects.tsx(29,9): error TS6133: 'navigate' is declared but its value is never read.
src/pages/Projects.tsx(32,5): error TS6133: 'activeProject' is declared but its value is never read.
src/pages/Projects.tsx(48,58): error TS2304: Cannot find name 'Project'.
src/pages/Projects.tsx(64,52): error TS2304: Cannot find name 'Smartphone'.
src/pages/Projects.tsx(65,48): error TS2304: Cannot find name 'Cpu'.
src/pages/Projects.tsx(73,23): error TS7006: Parameter 'tag' implicitly has an 'any' type.
src/pages/Projects.tsx(82,9): error TS2353: Object literal may only specify known properties, and 'id' does not exist in type 'Notification'.
src/pages/Projects.tsx(89,9): error TS2353: Object literal may only specify known properties, and 'id' does not exist in type 'Notification'.
src/pages/Projects.tsx(106,9): error TS2353: Object literal may only specify known properties, and 'id' does not exist in type 'Notification'.
src/pages/Projects.tsx(113,9): error TS2353: Object literal may only specify known properties, and 'id' does not exist in type 'Notification'.
src/pages/Projects.tsx(129,9): error TS2353: Object literal may only specify known properties, and 'id' does not exist in type 'Notification'.
src/pages/Projects.tsx(136,9): error TS2353: Object literal may only specify known properties, and 'id' does not exist in type 'Notification'.
src/pages/Projects.tsx(144,35): error TS2304: Cannot find name 'Project'.
src/pages/Projects.tsx(155,37): error TS2304: Cannot find name 'Project'.
src/pages/Projects.tsx(288,56): error TS7006: Parameter 'tag' implicitly has an 'any' type.
src/pages/Settings.tsx(31,5): error TS6133: 'notifications' is declared but its value is never read.
src/pages/Settings.tsx(32,5): error TS6133: 'removeNotification' is declared but its value is never read.
src/pages/Settings.tsx(47,63): error TS2304: Cannot find name 'Sun'.
src/pages/Settings.tsx(48,61): error TS2304: Cannot find name 'Moon'.
src/pages/Settings.tsx(49,63): error TS2304: Cannot find name 'Monitor'.
src/services/ai.service.ts(1,35): error TS2307: Cannot find module 'axios' or its corresponding type declarations.
src/services/ai.service.ts(3,22): error TS2580: Cannot find name 'process'. Do you need to install type definitions for node? Try `npm i --save-dev @types/node`.
src/services/ai.service.ts(69,25): error TS18046: 'error' is of type 'unknown'.
src/services/ai.service.ts(69,58): error TS18046: 'error' is of type 'unknown'.
src/services/ai.service.ts(150,25): error TS18046: 'error' is of type 'unknown'.
src/services/ai.service.ts(150,58): error TS18046: 'error' is of type 'unknown'.
src/services/ai.service.ts(174,25): error TS18046: 'error' is of type 'unknown'.
src/services/ai.service.ts(174,58): error TS18046: 'error' is of type 'unknown'.
src/services/ai.service.ts(202,25): error TS18046: 'error' is of type 'unknown'.
src/services/ai.service.ts(202,58): error TS18046: 'error' is of type 'unknown'.
src/services/api.service.ts(312,14): error TS6133: 'url' is declared but its value is never read.
src/services/auth.service.ts(1,16): error TS2305: Module '"@/types"' has no exported member 'LoginData'.
src/services/auth.service.ts(1,27): error TS2305: Module '"@/types"' has no exported member 'RegisterData'.
src/services/autoApi.ts(230,21): error TS2339: Property 'chrome' does not exist on type 'Window & typeof globalThis'.
src/services/autoApi.ts(231,21): error TS2339: Property 'chrome' does not exist on type 'Window & typeof globalThis'.
src/services/autoApi.ts(232,21): error TS2339: Property 'chrome' does not exist on type 'Window & typeof globalThis'.
src/services/autoApi.ts(241,16): error TS2339: Property 'chrome' does not exist on type 'Window & typeof globalThis'.
src/services/autoApi.ts(243,13): error TS7006: Parameter 'response' implicitly has an 'any' type.
src/services/autoApi.ts(244,15): error TS2304: Cannot find name 'chrome'.
src/services/autoApi.ts(245,30): error TS2304: Cannot find name 'chrome'.
src/services/autoApi.ts(259,16): error TS2339: Property 'chrome' does not exist on type 'Window & typeof globalThis'.
src/services/autoApi.ts(261,13): error TS7006: Parameter 'response' implicitly has an 'any' type.
src/services/autoApi.ts(262,15): error TS2304: Cannot find name 'chrome'.
src/services/autoApi.ts(263,30): error TS2304: Cannot find name 'chrome'.
src/services/autoApi.ts(271,11): error TS2322: Type '() => Promise<boolean>' is not assignable to type '() => boolean'.
  Type 'Promise<boolean>' is not assignable to type 'boolean'.
src/services/autoApi.ts(277,16): error TS2339: Property 'chrome' does not exist on type 'Window & typeof globalThis'.
src/services/autoApi.ts(279,13): error TS7006: Parameter 'response' implicitly has an 'any' type.
src/services/autoApi.ts(291,16): error TS2339: Property 'chrome' does not exist on type 'Window & typeof globalThis'.
src/services/autoApi.ts(293,13): error TS7006: Parameter 'response' implicitly has an 'any' type.
src/services/autoApi.ts(305,16): error TS2339: Property 'chrome' does not exist on type 'Window & typeof globalThis'.
src/services/autoApi.ts(307,13): error TS7006: Parameter 'response' implicitly has an 'any' type.
src/services/autoApi.ts(308,15): error TS2304: Cannot find name 'chrome'.
src/services/autoApi.ts(309,30): error TS2304: Cannot find name 'chrome'.
src/services/autoApi.ts(332,14): error TS2339: Property 'chrome' does not exist on type 'Window & typeof globalThis'.
src/services/autoApi.ts(384,40): error TS7006: Parameter 'p' implicitly has an 'any' type.
src/services/autoApi.ts(397,18): error TS2349: This expression is not callable.
  Type 'OpenApiPathItem' has no call signatures.
src/services/autoApi.ts(397,23): error TS7006: Parameter 'path' implicitly has an 'any' type.
src/services/autoApi.ts(397,71): error TS2339: Property 'summary' does not exist on type '{}'.
src/services/autoApi.ts(400,18): error TS2349: This expression is not callable.
  Type 'OpenApiPathItem' has no call signatures.
src/services/autoApi.ts(400,23): error TS7006: Parameter 'path' implicitly has an 'any' type.
src/services/autoApi.ts(400,71): error TS2339: Property 'parameters' does not exist on type '{}'.
src/services/autoApi.ts(400,88): error TS7006: Parameter 'p' implicitly has an 'any' type.
src/services/autoApi.ts(500,50): error TS6133: 'path' is declared but its value is never read.
src/services/delivery.ts(230,51): error TS2345: Argument of type '{ lat: string | undefined; lng: string | undefined; }' is not assignable to parameter of type 'string | Record<string, string> | URLSearchParams | string[][] | undefined'.
  Type '{ lat: string | undefined; lng: string | undefined; }' is not assignable to type 'undefined'.
src/services/delivery.ts(272,44): error TS6133: 'callback' is declared but its value is never read.
src/services/index.ts(4,1): error TS2308: Module './ecommerce' has already exported a member named 'Address'. Consider explicitly re-exporting to resolve the ambiguity.
src/services/index.ts(5,1): error TS2308: Module './ecommerce' has already exported a member named 'Address'. Consider explicitly re-exporting to resolve the ambiguity.
src/services/index.ts(7,1): error TS2308: Module './socialfeed' has already exported a member named 'SearchFilters'. Consider explicitly re-exporting to resolve the ambiguity.
src/services/index.ts(9,1): error TS2308: Module './ecommerce' has already exported a member named 'Address'. Consider explicitly re-exporting to resolve the ambiguity.
src/services/index.ts(10,1): error TS2308: Module './developerhub' has already exported a member named 'PerformanceMetrics'. Consider explicitly re-exporting to resolve the ambiguity.
src/services/index.ts(10,1): error TS2308: Module './loyaltywallet' has already exported a member named 'Transaction'. Consider explicitly re-exporting to resolve the ambiguity.
src/services/index.ts(10,1): error TS2308: Module './loyaltywallet' has already exported a member named 'TransactionFilters'. Consider explicitly re-exporting to resolve the ambiguity.
src/services/plugins.ts(390,5): error TS2353: Object literal may only specify known properties, and 'displayName' does not exist in type 'Partial<PluginManifest>'.
src/services/security.ts(269,58): error TS6133: 'resourceType' is declared but its value is never read.
src/services/security.ts(359,32): error TS6133: 'userId' is declared but its value is never read.
src/services/security.ts(374,32): error TS6133: 'userId' is declared but its value is never read.
src/services/trae-agents-interface.ts(1,1): error TS6133: 'JeanAction' is declared but its value is never read.
src/services/trae-agents-interface.ts(1,10): error TS2305: Module '"@/types/common"' has no exported member 'JeanAction'.
src/services/videoStudio.ts(74,3): error TS2300: Duplicate identifier 'activeJobs'.
src/services/videoStudio.ts(79,3): error TS2300: Duplicate identifier 'activeJobs'.
src/services/videoStudio.ts(79,3): error TS2717: Subsequent property declarations must have the same type.  Property 'activeJobs' must be of type 'number', but here has type '{ projectId: string; title: string; progress: number; startedAt: string; estimatedCompletion: string; }[]'.
src/store/index.ts(6,9): error TS2304: Cannot find name 'User'.
src/store/index.ts(12,24): error TS2304: Cannot find name 'RegisterData'.
src/store/index.ts(50,36): error TS2304: Cannot find name 'RegisterData'.
src/store/index.ts(141,62): error TS2339: Property 'id' does not exist on type 'Notification'.
src/store/index.ts(159,13): error TS2304: Cannot find name 'Project'.
src/store/index.ts(160,18): error TS2304: Cannot find name 'Project'.
src/store/index.ts(162,28): error TS2304: Cannot find name 'CreateProjectData'.
src/store/index.ts(163,48): error TS2304: Cannot find name 'Project'.
src/store/index.ts(165,31): error TS2304: Cannot find name 'Project'.
src/store/index.ts(171,11): error TS6133: 'get' is declared but its value is never read.
src/store/index.ts(176,42): error TS2304: Cannot find name 'CreateProjectData'.
src/store/index.ts(200,58): error TS2304: Cannot find name 'Project'.
src/store/index.ts(241,35): error TS2304: Cannot find name 'Project'.
src/store/index.ts(265,13): error TS2304: Cannot find name 'AIService'.
src/store/index.ts(266,18): error TS2304: Cannot find name 'AIService'.
src/store/index.ts(268,17): error TS2304: Cannot find name 'AIResponse'.
src/store/index.ts(270,31): error TS2304: Cannot find name 'AIService'.
src/store/index.ts(271,29): error TS2304: Cannot find name 'AIRequest'.
src/store/index.ts(271,51): error TS2304: Cannot find name 'AIResponse'.
src/store/index.ts(276,11): error TS6133: 'get' is declared but its value is never read.
src/store/index.ts(294,35): error TS2304: Cannot find name 'AIService'.
src/store/index.ts(296,39): error TS2304: Cannot find name 'AIRequest'.
src/types/index.ts(262,9): error TS2304: Cannot find name 'User'.
src/types/index.ts(272,9): error TS2304: Cannot find name 'User'.
src/types/index.ts(276,24): error TS2304: Cannot find name 'LoginData'.
src/types/index.ts(278,24): error TS2304: Cannot find name 'RegisterData'.
